<?xml version="1.0" encoding="UTF-8"?>
<testsuite xmlns:xsi="http://www.w3.org/2001/XMLSchema-instance" xsi:noNamespaceSchemaLocation="https://maven.apache.org/surefire/maven-surefire-plugin/xsd/surefire-test-report-3.0.xsd" version="3.0" name="ch.tbz.recipe.planner.mapper.MapperTest" time="8.534" tests="4" errors="0" skipped="0" failures="0">
  <properties>
[...]
</properties>
  <testcase name="recipeEntityToDomain_mapsAllFields" classname="ch.tbz.recipe.planner.mapper.MapperTest" time="1.53">
    <system-out><![CDATA[09:03:59.233 [main] INFO org.springframework.test.context.support.AnnotationConfigContextLoaderUtils -- Could not detect default configuration classes for test class [ch.tbz.recipe.planner.mapper.MapperTest]: MapperTest does not declare any static, non-private, non-final, nested classes annotated with @Configuration.
09:03:59.416 [main] INFO org.springframework.boot.test.context.SpringBootTestContextBootstrapper -- Found @SpringBootConfiguration ch.tbz.recipe.planner.RecipePlannerApplication for test class ch.tbz.recipe.planner.mapper.MapperTest

  .   ____          _            __ _ _
 /\\ / ___'_ __ _ _(_)_ __  __ _ \ \ \ \
( ( )\___ | '_ | '_| | '_ \/ _` | \ \ \ \
 \\/  ___)| |_)| | | | | || (_| |  ) ) ) )
  '  |____| .__|_| |_|_| |_\__, | / / / /
 =========|_|==============|___/=/_/_/_/
 :: Spring Boot ::                (v3.2.1)

2026-09-16T09:04:00.172Z  INFO 2390 --- [           main] c.tbz.recipe.planner.mapper.MapperTest   : Starting MapperTest using Java 17.0.20.1 with PID 2390 (started by runner in /home/runner/work/m450/m450/07_cicd-pipeline/recipe-planner/recipe-planner-backend)
2026-09-16T09:04:00.176Z  INFO 2390 --- [           main] c.tbz.recipe.planner.mapper.MapperTest   : No active profile set, falling back to 1 default profile: "default"
2026-09-16T09:04:01.212Z  INFO 2390 --- [           main] .s.d.r.c.RepositoryConfigurationDelegate : Bootstrapping Spring Data JPA repositories in DEFAULT mode.
2026-09-16T09:04:01.296Z  INFO 2390 --- [           main] .s.d.r.c.RepositoryConfigurationDelegate : Finished Spring Data repository scanning in 66 ms. Found 1 JPA repository interface.
2026-09-16T09:04:01.890Z  INFO 2390 --- [           main] com.zaxxer.hikari.HikariDataSource       : HikariPool-1 - Starting...
2026-09-16T09:04:02.384Z  INFO 2390 --- [           main] com.zaxxer.hikari.pool.HikariPool        : HikariPool-1 - Added connection conn0: url=jdbc:h2:mem:mydb user=SA
2026-09-16T09:04:02.386Z  INFO 2390 --- [           main] com.zaxxer.hikari.HikariDataSource       : HikariPool-1 - Start completed.
2026-09-16T09:04:02.468Z  INFO 2390 --- [           main] o.hibernate.jpa.internal.util.LogHelper  : HHH000204: Processing PersistenceUnitInfo [name: default]
2026-09-16T09:04:02.559Z  INFO 2390 --- [           main] org.hibernate.Version                    : HHH000412: Hibernate ORM core version 6.4.1.Final
2026-09-16T09:04:02.621Z  INFO 2390 --- [           main] o.h.c.internal.RegionFactoryInitiator    : HHH000026: Second-level cache disabled
2026-09-16T09:04:02.993Z  INFO 2390 --- [           main] o.s.o.j.p.SpringPersistenceUnitInfo      : No LoadTimeWeaver setup: ignoring JPA class transformer
2026-09-16T09:04:04.390Z  INFO 2390 --- [           main] o.h.e.t.j.p.i.JtaPlatformInitiator       : HHH000489: No JTA platform available (set 'hibernate.transaction.jta.platform' to enable JTA platform integration)
2026-09-16T09:04:04.446Z  INFO 2390 --- [           main] j.LocalContainerEntityManagerFactoryBean : Initialized JPA EntityManagerFactory for persistence unit 'default'
2026-09-16T09:04:04.923Z  WARN 2390 --- [           main] JpaBaseConfiguration$JpaWebConfiguration : spring.jpa.open-in-view is enabled by default. Therefore, database queries may be performed during view rendering. Explicitly configure spring.jpa.open-in-view to disable this warning
2026-09-16T09:04:05.278Z  INFO 2390 --- [           main] o.s.b.a.h2.H2ConsoleAutoConfiguration    : H2 console available at '/h2-console'. Database available at 'jdbc:h2:mem:mydb'
2026-09-16T09:04:05.339Z  INFO 2390 --- [           main] c.tbz.recipe.planner.mapper.MapperTest   : Started MapperTest in 5.665 seconds (process running for 7.532)
2026-09-16T09:04:05.725Z  INFO 2390 --- [           main] c.t.r.planner.RecipePlannerApplication   : RecipeEntity(id=0c4132fd-6f26-4c92-80ef-1f1716a3bf12, name=Lasagne al Forno, description=Lorem ipsum dolor sit amet, consectetur adipiscing elit, sed do eiusmod tempor incididunt ut labore et dolore magna aliqua., imageUrl=https://img.taste.com.au/5qlr1PkR/taste/2016/11/spaghetti-bolognese-106560-1.jpeg, ingredients=[IngredientEntity(id=37d2482a-97c7-43cb-a122-f52d9f8b15e8, name=Tomato, comment=The big ones, unit=PIECE, amount=5)])
2026-09-16T09:04:05.726Z  INFO 2390 --- [           main] c.t.r.planner.RecipePlannerApplication   : RecipeEntity(id=aacd489e-006b-4004-861a-0f3911ad1664, name=Spaghetti Bolognese, description=Lorem ipsum dolor sit amet, consectetur adipiscing elit, sed do eiusmod tempor incididunt ut labore et dolore magna aliqua., imageUrl=https://www.deliciousmagazine.co.uk/wp-content/uploads/2020/01/lasagne.jpg, ingredients=[IngredientEntity(id=c543b1f0-aba0-4b02-bcd5-0316be5a0184, name=Tomato, comment=The big ones, unit=PIECE, amount=5)])
2026-09-16T09:04:05.726Z  INFO 2390 --- [           main] c.t.r.planner.RecipePlannerApplication   : RecipeEntity(id=83cb570c-9e12-4e07-b94e-73fdb70ed493, name=Fried Rice, description=Lorem ipsum dolor sit amet, consectetur adipiscing elit, sed do eiusmod tempor incididunt ut labore et dolore magna aliqua., imageUrl=https://img.freepik.com/free-photo/grilled-gourmet-burger-with-cheese-tomato-onion-french-fries-generated-by-artificial-intelligence_25030-63181.jpg, ingredients=[IngredientEntity(id=b2e24f67-68f2-4cd0-acdb-959230bc4f6e, name=Tomato, comment=The big ones, unit=PIECE, amount=5)])
2026-09-16T09:04:05.726Z  INFO 2390 --- [           main] c.t.r.planner.RecipePlannerApplication   : RecipeEntity(id=c66a715f-6dba-4c4b-b0ec-4ef1abb51e68, name=Spaghetti Bolognese, description=Lorem ipsum dolor sit amet, consectetur adipiscing elit, sed do eiusmod tempor incididunt ut labore et dolore magna aliqua., imageUrl=https://img.freepik.com/free-photo/grilled-gourmet-burger-with-cheese-tomato-onion-french-fries-generated-by-artificial-intelligence_25030-63181.jpg, ingredients=[IngredientEntity(id=8d4bb672-364d-4488-b502-74797575c097, name=Tomato, comment=The big ones, unit=PIECE, amount=5)])
2026-09-16T09:04:05.727Z  INFO 2390 --- [           main] c.t.r.planner.RecipePlannerApplication   : RecipeEntity(id=6e2b8249-14ed-4de8-b8bd-5437bfc4b46b, name=Pommes Frites, description=Lorem ipsum dolor sit amet, consectetur adipiscing elit, sed do eiusmod tempor incididunt ut labore et dolore magna aliqua., imageUrl=https://img.taste.com.au/5qlr1PkR/taste/2016/11/spaghetti-bolognese-106560-1.jpeg, ingredients=[IngredientEntity(id=97f22713-aef1-49d3-a68d-4b7a10a5a1e9, name=Tomato, comment=The big ones, unit=PIECE, amount=5)])
2026-09-16T09:04:05.727Z  INFO 2390 --- [           main] c.t.r.planner.RecipePlannerApplication   : RecipeEntity(id=48a10e33-40d3-4733-a839-906950e01148, name=Lasagne al Forno, description=Lorem ipsum dolor sit amet, consectetur adipiscing elit, sed do eiusmod tempor incididunt ut labore et dolore magna aliqua., imageUrl=https://www.deliciousmagazine.co.uk/wp-content/uploads/2020/01/lasagne.jpg, ingredients=[IngredientEntity(id=b6653741-f420-423b-b3f1-d77b94e71426, name=Tomato, comment=The big ones, unit=PIECE, amount=5)])
2026-09-16T09:04:05.727Z  INFO 2390 --- [           main] c.t.r.planner.RecipePlannerApplication   : RecipeEntity(id=3fd1d9db-c5ac-48fe-9f21-a7ef680b8392, name=Spaghetti Bolognese, description=Lorem ipsum dolor sit amet, consectetur adipiscing elit, sed do eiusmod tempor incididunt ut labore et dolore magna aliqua., imageUrl=https://recipeimages.migros.ch/crop/v-w-1200-h-630-a-center_center/ac38873942ada8c8154f0da0a748adf486a304d8/pommes-frites-0-16-9.jpg, ingredients=[IngredientEntity(id=41a97912-07f5-4b25-b19d-4273598eb4a6, name=Tomato, comment=The big ones, unit=PIECE, amount=5)])
2026-09-16T09:04:05.727Z  INFO 2390 --- [           main] c.t.r.planner.RecipePlannerApplication   : RecipeEntity(id=1d65c9bd-4ac0-404e-b1a4-3e8641023edb, name=Fried Rice, description=Lorem ipsum dolor sit amet, consectetur adipiscing elit, sed do eiusmod tempor incididunt ut labore et dolore magna aliqua., imageUrl=https://www.deliciousmagazine.co.uk/wp-content/uploads/2020/01/lasagne.jpg, ingredients=[IngredientEntity(id=5d64237e-b3be-42fc-968f-f1a7a25faf04, name=Tomato, comment=The big ones, unit=PIECE, amount=5)])
2026-09-16T09:04:05.728Z  INFO 2390 --- [           main] c.t.r.planner.RecipePlannerApplication   : RecipeEntity(id=290adbfb-0b6d-4638-aaad-d119e45e349d, name=Spaghetti Bolognese, description=Lorem ipsum dolor sit amet, consectetur adipiscing elit, sed do eiusmod tempor incididunt ut labore et dolore magna aliqua., imageUrl=https://img.freepik.com/free-photo/grilled-gourmet-burger-with-cheese-tomato-onion-french-fries-generated-by-artificial-intelligence_25030-63181.jpg, ingredients=[IngredientEntity(id=a781ad14-5938-4a99-a470-a326b6428806, name=Tomato, comment=The big ones, unit=PIECE, amount=5)])
2026-09-16T09:04:05.728Z  INFO 2390 --- [           main] c.t.r.planner.RecipePlannerApplication   : RecipeEntity(id=1b5c06ea-1af3-48cb-973e-c6c05aa833ff, name=Pommes Frites, description=Lorem ipsum dolor sit amet, consectetur adipiscing elit, sed do eiusmod tempor incididunt ut labore et dolore magna aliqua., imageUrl=https://img.freepik.com/free-photo/grilled-gourmet-burger-with-cheese-tomato-onion-french-fries-generated-by-artificial-intelligence_25030-63181.jpg, ingredients=[IngredientEntity(id=743fafbc-697a-4926-8b16-fc0705724a74, name=Tomato, comment=The big ones, unit=PIECE, amount=5)])
2026-09-16T09:04:05.728Z  INFO 2390 --- [           main] c.t.r.planner.RecipePlannerApplication   : RecipeEntity(id=0f1d0ab6-42ba-4bba-bfce-b818a7073676, name=Lasagne al Forno, description=Lorem ipsum dolor sit amet, consectetur adipiscing elit, sed do eiusmod tempor incididunt ut labore et dolore magna aliqua., imageUrl=https://www.deliciousmagazine.co.uk/wp-content/uploads/2020/01/lasagne.jpg, ingredients=[IngredientEntity(id=6d963564-7e32-40db-93c5-bb1342838b6c, name=Tomato, comment=The big ones, unit=PIECE, amount=5)])
2026-09-16T09:04:05.728Z  INFO 2390 --- [           main] c.t.r.planner.RecipePlannerApplication   : RecipeEntity(id=8526ead9-0268-4ce3-ba7f-f0fec8562a30, name=Spaghetti Bolognese, description=Lorem ipsum dolor sit amet, consectetur adipiscing elit, sed do eiusmod tempor incididunt ut labore et dolore magna aliqua., imageUrl=https://img.taste.com.au/5qlr1PkR/taste/2016/11/spaghetti-bolognese-106560-1.jpeg, ingredients=[IngredientEntity(id=397160ee-5961-4b68-b3c6-8fc25ea9bb24, name=Tomato, comment=The big ones, unit=PIECE, amount=5)])
2026-09-16T09:04:05.728Z  INFO 2390 --- [           main] c.t.r.planner.RecipePlannerApplication   : RecipeEntity(id=8bf0fef5-f4b4-4d95-8eff-0d6d7a1f3fe5, name=Fried Rice, description=Lorem ipsum dolor sit amet, consectetur adipiscing elit, sed do eiusmod tempor incididunt ut labore et dolore magna aliqua., imageUrl=https://img.freepik.com/free-photo/grilled-gourmet-burger-with-cheese-tomato-onion-french-fries-generated-by-artificial-intelligence_25030-63181.jpg, ingredients=[IngredientEntity(id=cf93fc52-1c3e-42cf-b5d0-13910c5ea3da, name=Tomato, comment=The big ones, unit=PIECE, amount=5)])
2026-09-16T09:04:05.729Z  INFO 2390 --- [           main] c.t.r.planner.RecipePlannerApplication   : RecipeEntity(id=4f4749cf-203e-4f15-9362-1b469e00c652, name=Spaghetti Bolognese, description=Lorem ipsum dolor sit amet, consectetur adipiscing elit, sed do eiusmod tempor incididunt ut labore et dolore magna aliqua., imageUrl=https://recipeimages.migros.ch/crop/v-w-1200-h-630-a-center_center/ac38873942ada8c8154f0da0a748adf486a304d8/pommes-frites-0-16-9.jpg, ingredients=[IngredientEntity(id=49d873de-e588-46f4-b225-6f1dbebd8b06, name=Tomato, comment=The big ones, unit=PIECE, amount=5)])
2026-09-16T09:04:05.729Z  INFO 2390 --- [           main] c.t.r.planner.RecipePlannerApplication   : RecipeEntity(id=cc037502-45f2-4682-bf7a-1a5739b4473d, name=Pommes Frites, description=Lorem ipsum dolor sit amet, consectetur adipiscing elit, sed do eiusmod tempor incididunt ut labore et dolore magna aliqua., imageUrl=https://recipeimages.migros.ch/crop/v-w-1200-h-630-a-center_center/ac38873942ada8c8154f0da0a748adf486a304d8/pommes-frites-0-16-9.jpg, ingredients=[IngredientEntity(id=7b27c481-5c48-48e2-8a1d-eda5a154dff4, name=Tomato, comment=The big ones, unit=PIECE, amount=5)])
]]></system-out>
  </testcase>
  <testcase name="ingredientDomainToEntity_mapsAllFields" classname="ch.tbz.recipe.planner.mapper.MapperTest" time="0.149"/>
  <testcase name="ingredientEntityToDomain_mapsAllFields" classname="ch.tbz.recipe.planner.mapper.MapperTest" time="0.004"/>
  <testcase name="recipeDomainToEntity_mapsAllFields" classname="ch.tbz.recipe.planner.mapper.MapperTest" time="0.003"/>
</testsuite>