<?xml version="1.0" encoding="UTF-8"?>
<testsuite xmlns:xsi="http://www.w3.org/2001/XMLSchema-instance" xsi:noNamespaceSchemaLocation="https://maven.apache.org/surefire/maven-surefire-plugin/xsd/surefire-test-report-3.0.xsd" version="3.0" name="ch.tbz.recipe.planner.mapper.MapperTest" time="4.854" tests="4" errors="0" skipped="0" failures="0">
  <properties>
[...]
</properties>
  <testcase name="recipeEntityToDomain_mapsAllFields" classname="ch.tbz.recipe.planner.mapper.MapperTest" time="0.651">
    <system-out><![CDATA[2026-09-16T10:51:55.148+02:00  INFO 16460 --- [           main] t.c.s.AnnotationConfigContextLoaderUtils : Could not detect default configuration classes for test class [ch.tbz.recipe.planner.mapper.MapperTest]: MapperTest does not declare any static, non-private, non-final, nested classes annotated with @Configuration.
2026-09-16T10:51:55.159+02:00  INFO 16460 --- [           main] .b.t.c.SpringBootTestContextBootstrapper : Found @SpringBootConfiguration ch.tbz.recipe.planner.RecipePlannerApplication for test class ch.tbz.recipe.planner.mapper.MapperTest

  .   ____          _            __ _ _
 /\\ / ___'_ __ _ _(_)_ __  __ _ \ \ \ \
( ( )\___ | '_ | '_| | '_ \/ _` | \ \ \ \
 \\/  ___)| |_)| | | | | || (_| |  ) ) ) )
  '  |____| .__|_| |_|_| |_\__, | / / / /
 =========|_|==============|___/=/_/_/_/
 :: Spring Boot ::                (v3.2.1)

2026-09-16T10:51:55.194+02:00  INFO 16460 --- [           main] c.tbz.recipe.planner.mapper.MapperTest   : Starting MapperTest using Java 17.0.12 with PID 16460 (started by RamadanAsani in C:\GitHub\m450\07_cicd-pipeline\recipe-planner\recipe-planner-backend)
2026-09-16T10:51:55.195+02:00  INFO 16460 --- [           main] c.tbz.recipe.planner.mapper.MapperTest   : No active profile set, falling back to 1 default profile: "default"
2026-09-16T10:51:55.604+02:00  INFO 16460 --- [           main] .s.d.r.c.RepositoryConfigurationDelegate : Bootstrapping Spring Data JPA repositories in DEFAULT mode.
2026-09-16T10:51:55.701+02:00  INFO 16460 --- [           main] .s.d.r.c.RepositoryConfigurationDelegate : Finished Spring Data repository scanning in 77 ms. Found 1 JPA repository interface.
2026-09-16T10:51:56.141+02:00  INFO 16460 --- [           main] com.zaxxer.hikari.HikariDataSource       : HikariPool-1 - Starting...
2026-09-16T10:51:56.686+02:00  INFO 16460 --- [           main] com.zaxxer.hikari.pool.HikariPool        : HikariPool-1 - Added connection conn0: url=jdbc:h2:mem:mydb user=SA
2026-09-16T10:51:56.689+02:00  INFO 16460 --- [           main] com.zaxxer.hikari.HikariDataSource       : HikariPool-1 - Start completed.
2026-09-16T10:51:56.761+02:00  INFO 16460 --- [           main] o.hibernate.jpa.internal.util.LogHelper  : HHH000204: Processing PersistenceUnitInfo [name: default]
2026-09-16T10:51:56.851+02:00  INFO 16460 --- [           main] org.hibernate.Version                    : HHH000412: Hibernate ORM core version 6.4.1.Final
2026-09-16T10:51:56.912+02:00  INFO 16460 --- [           main] o.h.c.internal.RegionFactoryInitiator    : HHH000026: Second-level cache disabled
2026-09-16T10:51:57.112+02:00  INFO 16460 --- [           main] o.s.o.j.p.SpringPersistenceUnitInfo      : No LoadTimeWeaver setup: ignoring JPA class transformer
2026-09-16T10:51:58.191+02:00  INFO 16460 --- [           main] o.h.e.t.j.p.i.JtaPlatformInitiator       : HHH000489: No JTA platform available (set 'hibernate.transaction.jta.platform' to enable JTA platform integration)
2026-09-16T10:51:58.241+02:00  INFO 16460 --- [           main] j.LocalContainerEntityManagerFactoryBean : Initialized JPA EntityManagerFactory for persistence unit 'default'
2026-09-16T10:51:58.748+02:00  WARN 16460 --- [           main] JpaBaseConfiguration$JpaWebConfiguration : spring.jpa.open-in-view is enabled by default. Therefore, database queries may be performed during view rendering. Explicitly configure spring.jpa.open-in-view to disable this warning
2026-09-16T10:51:58.868+02:00  INFO 16460 --- [           main] o.s.b.a.h2.H2ConsoleAutoConfiguration    : H2 console available at '/h2-console'. Database available at 'jdbc:h2:mem:mydb'
2026-09-16T10:51:58.918+02:00  INFO 16460 --- [           main] c.tbz.recipe.planner.mapper.MapperTest   : Started MapperTest in 3.742 seconds (process running for 9.738)
2026-09-16T10:51:59.231+02:00  INFO 16460 --- [           main] c.t.r.planner.RecipePlannerApplication   : RecipeEntity(id=f547e006-a100-46a3-9ddf-9916ac92d834, name=Lasagne al Forno, description=Lorem ipsum dolor sit amet, consectetur adipiscing elit, sed do eiusmod tempor incididunt ut labore et dolore magna aliqua., imageUrl=https://www.kitchensanctuary.com/wp-content/uploads/2020/04/Chicken-Fried-Rice-square-FS-.jpg, ingredients=[IngredientEntity(id=c74f8a09-6854-4fb2-806e-13a8f5726e9b, name=Tomato, comment=The big ones, unit=PIECE, amount=5)])
2026-09-16T10:51:59.231+02:00  INFO 16460 --- [           main] c.t.r.planner.RecipePlannerApplication   : RecipeEntity(id=820116c1-a6bd-44a8-bedb-b175e7cc705b, name=Spaghetti Bolognese, description=Lorem ipsum dolor sit amet, consectetur adipiscing elit, sed do eiusmod tempor incididunt ut labore et dolore magna aliqua., imageUrl=https://img.freepik.com/free-photo/grilled-gourmet-burger-with-cheese-tomato-onion-french-fries-generated-by-artificial-intelligence_25030-63181.jpg, ingredients=[IngredientEntity(id=adcfbc48-0d46-40cc-95a5-3328c6d4aed1, name=Tomato, comment=The big ones, unit=PIECE, amount=5)])
2026-09-16T10:51:59.231+02:00  INFO 16460 --- [           main] c.t.r.planner.RecipePlannerApplication   : RecipeEntity(id=645ba624-ee7f-49f4-ba0c-29a6602b8e70, name=Fried Rice, description=Lorem ipsum dolor sit amet, consectetur adipiscing elit, sed do eiusmod tempor incididunt ut labore et dolore magna aliqua., imageUrl=https://img.freepik.com/free-photo/grilled-gourmet-burger-with-cheese-tomato-onion-french-fries-generated-by-artificial-intelligence_25030-63181.jpg, ingredients=[IngredientEntity(id=75686be7-0d34-4647-a3e5-cdbb60afb1f5, name=Tomato, comment=The big ones, unit=PIECE, amount=5)])
2026-09-16T10:51:59.231+02:00  INFO 16460 --- [           main] c.t.r.planner.RecipePlannerApplication   : RecipeEntity(id=ff95cbd3-8264-4b98-9bca-d166667d5150, name=Spaghetti Bolognese, description=Lorem ipsum dolor sit amet, consectetur adipiscing elit, sed do eiusmod tempor incididunt ut labore et dolore magna aliqua., imageUrl=https://recipeimages.migros.ch/crop/v-w-1200-h-630-a-center_center/ac38873942ada8c8154f0da0a748adf486a304d8/pommes-frites-0-16-9.jpg, ingredients=[IngredientEntity(id=6bbfb553-7b7a-48cf-9dad-9fa1d193af8e, name=Tomato, comment=The big ones, unit=PIECE, amount=5)])
2026-09-16T10:51:59.232+02:00  INFO 16460 --- [           main] c.t.r.planner.RecipePlannerApplication   : RecipeEntity(id=1560c6af-13af-42d4-8598-137ad2d85007, name=Pommes Frites, description=Lorem ipsum dolor sit amet, consectetur adipiscing elit, sed do eiusmod tempor incididunt ut labore et dolore magna aliqua., imageUrl=https://img.taste.com.au/5qlr1PkR/taste/2016/11/spaghetti-bolognese-106560-1.jpeg, ingredients=[IngredientEntity(id=aa58e62e-36dc-4fa5-8459-c3c6f50512de, name=Tomato, comment=The big ones, unit=PIECE, amount=5)])
2026-09-16T10:51:59.232+02:00  INFO 16460 --- [           main] c.t.r.planner.RecipePlannerApplication   : RecipeEntity(id=2299e791-2090-4557-8f42-aef532d3b183, name=Lasagne al Forno, description=Lorem ipsum dolor sit amet, consectetur adipiscing elit, sed do eiusmod tempor incididunt ut labore et dolore magna aliqua., imageUrl=https://www.deliciousmagazine.co.uk/wp-content/uploads/2020/01/lasagne.jpg, ingredients=[IngredientEntity(id=f52a4644-b19f-4ff3-8397-f40f3de11489, name=Tomato, comment=The big ones, unit=PIECE, amount=5)])
2026-09-16T10:51:59.232+02:00  INFO 16460 --- [           main] c.t.r.planner.RecipePlannerApplication   : RecipeEntity(id=c3efd46f-72bc-4dad-b5dc-a44ea93c81a6, name=Spaghetti Bolognese, description=Lorem ipsum dolor sit amet, consectetur adipiscing elit, sed do eiusmod tempor incididunt ut labore et dolore magna aliqua., imageUrl=https://img.taste.com.au/5qlr1PkR/taste/2016/11/spaghetti-bolognese-106560-1.jpeg, ingredients=[IngredientEntity(id=4f88210c-5c6c-447f-a4c6-f63e1dc72b1e, name=Tomato, comment=The big ones, unit=PIECE, amount=5)])
2026-09-16T10:51:59.232+02:00  INFO 16460 --- [           main] c.t.r.planner.RecipePlannerApplication   : RecipeEntity(id=0c8d98f0-a4b4-4524-b0d8-df4802029e64, name=Fried Rice, description=Lorem ipsum dolor sit amet, consectetur adipiscing elit, sed do eiusmod tempor incididunt ut labore et dolore magna aliqua., imageUrl=https://www.deliciousmagazine.co.uk/wp-content/uploads/2020/01/lasagne.jpg, ingredients=[IngredientEntity(id=bd48852b-3d95-40ef-84c1-75ff042b1082, name=Tomato, comment=The big ones, unit=PIECE, amount=5)])
2026-09-16T10:51:59.232+02:00  INFO 16460 --- [           main] c.t.r.planner.RecipePlannerApplication   : RecipeEntity(id=198b87a3-0896-4149-a812-2a6ee336a948, name=Spaghetti Bolognese, description=Lorem ipsum dolor sit amet, consectetur adipiscing elit, sed do eiusmod tempor incididunt ut labore et dolore magna aliqua., imageUrl=https://img.taste.com.au/5qlr1PkR/taste/2016/11/spaghetti-bolognese-106560-1.jpeg, ingredients=[IngredientEntity(id=ee963b75-2ccd-4496-8b58-04288725595f, name=Tomato, comment=The big ones, unit=PIECE, amount=5)])
2026-09-16T10:51:59.232+02:00  INFO 16460 --- [           main] c.t.r.planner.RecipePlannerApplication   : RecipeEntity(id=9abace27-8113-47e4-af45-5fd986aa0ab3, name=Pommes Frites, description=Lorem ipsum dolor sit amet, consectetur adipiscing elit, sed do eiusmod tempor incididunt ut labore et dolore magna aliqua., imageUrl=https://img.taste.com.au/5qlr1PkR/taste/2016/11/spaghetti-bolognese-106560-1.jpeg, ingredients=[IngredientEntity(id=7881a66f-c8b0-432c-bce4-b4a193cf22d5, name=Tomato, comment=The big ones, unit=PIECE, amount=5)])
2026-09-16T10:51:59.232+02:00  INFO 16460 --- [           main] c.t.r.planner.RecipePlannerApplication   : RecipeEntity(id=2b8d8e1c-7894-4df0-b582-42c6fae7d7f4, name=Lasagne al Forno, description=Lorem ipsum dolor sit amet, consectetur adipiscing elit, sed do eiusmod tempor incididunt ut labore et dolore magna aliqua., imageUrl=https://img.taste.com.au/5qlr1PkR/taste/2016/11/spaghetti-bolognese-106560-1.jpeg, ingredients=[IngredientEntity(id=a5900dc4-eceb-42dc-b652-b4c280a9822c, name=Tomato, comment=The big ones, unit=PIECE, amount=5)])
2026-09-16T10:51:59.232+02:00  INFO 16460 --- [           main] c.t.r.planner.RecipePlannerApplication   : RecipeEntity(id=3e30785e-69dd-4be1-9330-91bb0b61edf4, name=Spaghetti Bolognese, description=Lorem ipsum dolor sit amet, consectetur adipiscing elit, sed do eiusmod tempor incididunt ut labore et dolore magna aliqua., imageUrl=https://www.kitchensanctuary.com/wp-content/uploads/2020/04/Chicken-Fried-Rice-square-FS-.jpg, ingredients=[IngredientEntity(id=cc04d946-542a-406b-ba54-eb6b7f1c8b36, name=Tomato, comment=The big ones, unit=PIECE, amount=5)])
2026-09-16T10:51:59.233+02:00  INFO 16460 --- [           main] c.t.r.planner.RecipePlannerApplication   : RecipeEntity(id=48ab5c13-12c0-46a7-8e4e-a5edb8e6cb80, name=Fried Rice, description=Lorem ipsum dolor sit amet, consectetur adipiscing elit, sed do eiusmod tempor incididunt ut labore et dolore magna aliqua., imageUrl=https://img.freepik.com/free-photo/grilled-gourmet-burger-with-cheese-tomato-onion-french-fries-generated-by-artificial-intelligence_25030-63181.jpg, ingredients=[IngredientEntity(id=2589592d-fb5d-481f-93ba-ddb3901918cf, name=Tomato, comment=The big ones, unit=PIECE, amount=5)])
2026-09-16T10:51:59.233+02:00  INFO 16460 --- [           main] c.t.r.planner.RecipePlannerApplication   : RecipeEntity(id=32afcc09-1cd8-4d3d-99af-340279753473, name=Spaghetti Bolognese, description=Lorem ipsum dolor sit amet, consectetur adipiscing elit, sed do eiusmod tempor incididunt ut labore et dolore magna aliqua., imageUrl=https://img.taste.com.au/5qlr1PkR/taste/2016/11/spaghetti-bolognese-106560-1.jpeg, ingredients=[IngredientEntity(id=a819b79b-f278-4486-bb7a-1070406b652b, name=Tomato, comment=The big ones, unit=PIECE, amount=5)])
2026-09-16T10:51:59.233+02:00  INFO 16460 --- [           main] c.t.r.planner.RecipePlannerApplication   : RecipeEntity(id=640d7a02-4875-457d-a992-992f81f1a9de, name=Pommes Frites, description=Lorem ipsum dolor sit amet, consectetur adipiscing elit, sed do eiusmod tempor incididunt ut labore et dolore magna aliqua., imageUrl=https://img.taste.com.au/5qlr1PkR/taste/2016/11/spaghetti-bolognese-106560-1.jpeg, ingredients=[IngredientEntity(id=abcd9df4-4272-443a-828a-75e8842e9ff8, name=Tomato, comment=The big ones, unit=PIECE, amount=5)])
]]></system-out>
  </testcase>
  <testcase name="ingredientDomainToEntity_mapsAllFields" classname="ch.tbz.recipe.planner.mapper.MapperTest" time="0.106"/>
  <testcase name="ingredientEntityToDomain_mapsAllFields" classname="ch.tbz.recipe.planner.mapper.MapperTest" time="0.003"/>
  <testcase name="recipeDomainToEntity_mapsAllFields" classname="ch.tbz.recipe.planner.mapper.MapperTest" time="0.002"/>
</testsuite>